<?xml version="1.0" encoding="UTF-8"?>
<testng-results skipped="17" failed="1" total="18" passed="0">
  <reporter-output>
  </reporter-output>
  <suite name="SL8Z Test Suite" duration-ms="11616" started-at="2014-05-15T10:32:09Z" finished-at="2014-05-15T10:32:21Z">
    <groups>
    </groups>
    <test name="Create New Search" duration-ms="130" started-at="2014-05-15T10:32:09Z" finished-at="2014-05-15T10:32:10Z">
      <class name="com.SL8Z.testcases.Client.Create_New_Search">
        <test-method status="PASS" signature="clearCookies()[pri:0, instance:com.SL8Z.testcases.Client.Create_New_Search@8f6d64]" name="clearCookies" is-config="true" duration-ms="19" started-at="2014-05-15T16:02:09Z" finished-at="2014-05-15T16:02:09Z">
          <reporter-output>
          </reporter-output>
        </test-method> <!-- clearCookies -->
        <test-method status="SKIP" signature="isSkipped()[pri:0, instance:com.SL8Z.testcases.Client.Create_New_Search@8f6d64]" name="isSkipped" is-config="true" duration-ms="0" started-at="2014-05-15T16:02:09Z" depends-on-methods="com.SL8Z.base.TestBase.clearCookies" finished-at="2014-05-15T16:02:09Z">
          <exception class="org.testng.SkipException">
            <message>
              <![CDATA[Runmode set to No]]>
            </message>
            <full-stacktrace>
              <![CDATA[org.testng.SkipException: Runmode set to No
	at com.SL8Z.testcases.Client.Create_New_Search.isSkipped(Create_New_Search.java:19)
	at sun.reflect.NativeMethodAccessorImpl.invoke0(Native Method)
	at sun.reflect.NativeMethodAccessorImpl.invoke(NativeMethodAccessorImpl.java:57)
	at sun.reflect.DelegatingMethodAccessorImpl.invoke(DelegatingMethodAccessorImpl.java:43)
	at java.lang.reflect.Method.invoke(Method.java:606)
	at org.testng.internal.MethodInvocationHelper.invokeMethod(MethodInvocationHelper.java:84)
	at org.testng.internal.Invoker.invokeConfigurationMethod(Invoker.java:564)
	at org.testng.internal.Invoker.invokeConfigurations(Invoker.java:213)
	at org.testng.internal.Invoker.invokeConfigurations(Invoker.java:138)
	at org.testng.TestRunner.beforeRun(TestRunner.java:641)
	at org.testng.TestRunner.run(TestRunner.java:609)
	at org.testng.SuiteRunner.runTest(SuiteRunner.java:334)
	at org.testng.SuiteRunner.runSequentially(SuiteRunner.java:329)
	at org.testng.SuiteRunner.privateRun(SuiteRunner.java:291)
	at org.testng.SuiteRunner.run(SuiteRunner.java:240)
	at org.testng.SuiteRunnerWorker.runSuite(SuiteRunnerWorker.java:52)
	at org.testng.SuiteRunnerWorker.run(SuiteRunnerWorker.java:86)
	at org.testng.TestNG.runSuitesSequentially(TestNG.java:1224)
	at org.testng.TestNG.runSuitesLocally(TestNG.java:1149)
	at org.testng.TestNG.run(TestNG.java:1057)
	at org.apache.maven.surefire.testng.TestNGExecutor.run(TestNGExecutor.java:293)
	at org.apache.maven.surefire.testng.TestNGXmlTestSuite.execute(TestNGXmlTestSuite.java:84)
	at org.apache.maven.surefire.testng.TestNGProvider.invoke(TestNGProvider.java:91)
	at org.apache.maven.surefire.booter.ForkedBooter.invokeProviderInSameClassLoader(ForkedBooter.java:200)
	at org.apache.maven.surefire.booter.ForkedBooter.runSuitesInProcess(ForkedBooter.java:153)
	at org.apache.maven.surefire.booter.ForkedBooter.main(ForkedBooter.java:103)
]]>
            </full-stacktrace>
          </exception> <!-- org.testng.SkipException -->
          <reporter-output>
          </reporter-output>
        </test-method> <!-- isSkipped -->
        <test-method status="SKIP" signature="CreateNewSearch(java.lang.String)[pri:0, instance:com.SL8Z.testcases.Client.Create_New_Search@8f6d64]" name="CreateNewSearch" duration-ms="1" started-at="2014-05-15T16:02:10Z" data-provider="getData" finished-at="2014-05-15T16:02:10Z">
          <params>
            <param index="0">
              <value>
                <![CDATA[Post 7]]>
              </value>
            </param>
          </params>
          <reporter-output>
          </reporter-output>
        </test-method> <!-- CreateNewSearch -->
        <test-method status="SKIP" signature="CreateNewSearch(java.lang.String)[pri:0, instance:com.SL8Z.testcases.Client.Create_New_Search@8f6d64]" name="CreateNewSearch" duration-ms="1" started-at="2014-05-15T16:02:10Z" data-provider="getData" finished-at="2014-05-15T16:02:10Z">
          <params>
            <param index="0">
              <value>
                <![CDATA[Post 8]]>
              </value>
            </param>
          </params>
          <reporter-output>
          </reporter-output>
        </test-method> <!-- CreateNewSearch -->
      </class> <!-- com.SL8Z.testcases.Client.Create_New_Search -->
    </test> <!-- Create New Search -->
    <test name="Verify Client Side Validation" duration-ms="15" started-at="2014-05-15T10:32:10Z" finished-at="2014-05-15T10:32:10Z">
      <class name="com.SL8Z.testcases.Client.Verify_Client_Side_Validation">
        <test-method status="PASS" signature="clearCookies()[pri:0, instance:com.SL8Z.testcases.Client.Verify_Client_Side_Validation@ba936a]" name="clearCookies" is-config="true" duration-ms="14" started-at="2014-05-15T16:02:10Z" finished-at="2014-05-15T16:02:10Z">
          <reporter-output>
          </reporter-output>
        </test-method> <!-- clearCookies -->
        <test-method status="SKIP" signature="isSkipped()[pri:0, instance:com.SL8Z.testcases.Client.Verify_Client_Side_Validation@ba936a]" name="isSkipped" is-config="true" duration-ms="0" started-at="2014-05-15T16:02:10Z" depends-on-methods="com.SL8Z.base.TestBase.clearCookies" finished-at="2014-05-15T16:02:10Z">
          <exception class="org.testng.SkipException">
            <message>
              <![CDATA[Runmode set to No]]>
            </message>
            <full-stacktrace>
              <![CDATA[org.testng.SkipException: Runmode set to No
	at com.SL8Z.testcases.Client.Verify_Client_Side_Validation.isSkipped(Verify_Client_Side_Validation.java:17)
	at sun.reflect.NativeMethodAccessorImpl.invoke0(Native Method)
	at sun.reflect.NativeMethodAccessorImpl.invoke(NativeMethodAccessorImpl.java:57)
	at sun.reflect.DelegatingMethodAccessorImpl.invoke(DelegatingMethodAccessorImpl.java:43)
	at java.lang.reflect.Method.invoke(Method.java:606)
	at org.testng.internal.MethodInvocationHelper.invokeMethod(MethodInvocationHelper.java:84)
	at org.testng.internal.Invoker.invokeConfigurationMethod(Invoker.java:564)
	at org.testng.internal.Invoker.invokeConfigurations(Invoker.java:213)
	at org.testng.internal.Invoker.invokeConfigurations(Invoker.java:138)
	at org.testng.TestRunner.beforeRun(TestRunner.java:641)
	at org.testng.TestRunner.run(TestRunner.java:609)
	at org.testng.SuiteRunner.runTest(SuiteRunner.java:334)
	at org.testng.SuiteRunner.runSequentially(SuiteRunner.java:329)
	at org.testng.SuiteRunner.privateRun(SuiteRunner.java:291)
	at org.testng.SuiteRunner.run(SuiteRunner.java:240)
	at org.testng.SuiteRunnerWorker.runSuite(SuiteRunnerWorker.java:52)
	at org.testng.SuiteRunnerWorker.run(SuiteRunnerWorker.java:86)
	at org.testng.TestNG.runSuitesSequentially(TestNG.java:1224)
	at org.testng.TestNG.runSuitesLocally(TestNG.java:1149)
	at org.testng.TestNG.run(TestNG.java:1057)
	at org.apache.maven.surefire.testng.TestNGExecutor.run(TestNGExecutor.java:293)
	at org.apache.maven.surefire.testng.TestNGXmlTestSuite.execute(TestNGXmlTestSuite.java:84)
	at org.apache.maven.surefire.testng.TestNGProvider.invoke(TestNGProvider.java:91)
	at org.apache.maven.surefire.booter.ForkedBooter.invokeProviderInSameClassLoader(ForkedBooter.java:200)
	at org.apache.maven.surefire.booter.ForkedBooter.runSuitesInProcess(ForkedBooter.java:153)
	at org.apache.maven.surefire.booter.ForkedBooter.main(ForkedBooter.java:103)
]]>
            </full-stacktrace>
          </exception> <!-- org.testng.SkipException -->
          <reporter-output>
          </reporter-output>
        </test-method> <!-- isSkipped -->
        <test-method status="SKIP" signature="VerifyClientSideValidation()[pri:0, instance:com.SL8Z.testcases.Client.Verify_Client_Side_Validation@ba936a]" name="VerifyClientSideValidation" duration-ms="0" started-at="2014-05-15T16:02:10Z" finished-at="2014-05-15T16:02:10Z">
          <reporter-output>
          </reporter-output>
        </test-method> <!-- VerifyClientSideValidation -->
      </class> <!-- com.SL8Z.testcases.Client.Verify_Client_Side_Validation -->
    </test> <!-- Verify Client Side Validation -->
    <test name="Verify Server Side Validation" duration-ms="9" started-at="2014-05-15T10:32:10Z" finished-at="2014-05-15T10:32:10Z">
      <class name="com.SL8Z.testcases.Client.Verify_Server_Side_Validation">
        <test-method status="PASS" signature="clearCookies()[pri:0, instance:com.SL8Z.testcases.Client.Verify_Server_Side_Validation@1ab2ddb]" name="clearCookies" is-config="true" duration-ms="5" started-at="2014-05-15T16:02:10Z" finished-at="2014-05-15T16:02:10Z">
          <reporter-output>
          </reporter-output>
        </test-method> <!-- clearCookies -->
        <test-method status="SKIP" signature="isSkipped()[pri:0, instance:com.SL8Z.testcases.Client.Verify_Server_Side_Validation@1ab2ddb]" name="isSkipped" is-config="true" duration-ms="0" started-at="2014-05-15T16:02:10Z" depends-on-methods="com.SL8Z.base.TestBase.clearCookies" finished-at="2014-05-15T16:02:10Z">
          <exception class="org.testng.SkipException">
            <message>
              <![CDATA[Runmode set to No]]>
            </message>
            <full-stacktrace>
              <![CDATA[org.testng.SkipException: Runmode set to No
	at com.SL8Z.testcases.Client.Verify_Server_Side_Validation.isSkipped(Verify_Server_Side_Validation.java:15)
	at sun.reflect.NativeMethodAccessorImpl.invoke0(Native Method)
	at sun.reflect.NativeMethodAccessorImpl.invoke(NativeMethodAccessorImpl.java:57)
	at sun.reflect.DelegatingMethodAccessorImpl.invoke(DelegatingMethodAccessorImpl.java:43)
	at java.lang.reflect.Method.invoke(Method.java:606)
	at org.testng.internal.MethodInvocationHelper.invokeMethod(MethodInvocationHelper.java:84)
	at org.testng.internal.Invoker.invokeConfigurationMethod(Invoker.java:564)
	at org.testng.internal.Invoker.invokeConfigurations(Invoker.java:213)
	at org.testng.internal.Invoker.invokeConfigurations(Invoker.java:138)
	at org.testng.TestRunner.beforeRun(TestRunner.java:641)
	at org.testng.TestRunner.run(TestRunner.java:609)
	at org.testng.SuiteRunner.runTest(SuiteRunner.java:334)
	at org.testng.SuiteRunner.runSequentially(SuiteRunner.java:329)
	at org.testng.SuiteRunner.privateRun(SuiteRunner.java:291)
	at org.testng.SuiteRunner.run(SuiteRunner.java:240)
	at org.testng.SuiteRunnerWorker.runSuite(SuiteRunnerWorker.java:52)
	at org.testng.SuiteRunnerWorker.run(SuiteRunnerWorker.java:86)
	at org.testng.TestNG.runSuitesSequentially(TestNG.java:1224)
	at org.testng.TestNG.runSuitesLocally(TestNG.java:1149)
	at org.testng.TestNG.run(TestNG.java:1057)
	at org.apache.maven.surefire.testng.TestNGExecutor.run(TestNGExecutor.java:293)
	at org.apache.maven.surefire.testng.TestNGXmlTestSuite.execute(TestNGXmlTestSuite.java:84)
	at org.apache.maven.surefire.testng.TestNGProvider.invoke(TestNGProvider.java:91)
	at org.apache.maven.surefire.booter.ForkedBooter.invokeProviderInSameClassLoader(ForkedBooter.java:200)
	at org.apache.maven.surefire.booter.ForkedBooter.runSuitesInProcess(ForkedBooter.java:153)
	at org.apache.maven.surefire.booter.ForkedBooter.main(ForkedBooter.java:103)
]]>
            </full-stacktrace>
          </exception> <!-- org.testng.SkipException -->
          <reporter-output>
          </reporter-output>
        </test-method> <!-- isSkipped -->
        <test-method status="SKIP" signature="VerifyServerSideValidation()[pri:0, instance:com.SL8Z.testcases.Client.Verify_Server_Side_Validation@1ab2ddb]" name="VerifyServerSideValidation" duration-ms="0" started-at="2014-05-15T16:02:10Z" finished-at="2014-05-15T16:02:10Z">
          <reporter-output>
          </reporter-output>
        </test-method> <!-- VerifyServerSideValidation -->
      </class> <!-- com.SL8Z.testcases.Client.Verify_Server_Side_Validation -->
    </test> <!-- Verify Server Side Validation -->
    <test name="Verify Quick Preview Buttons" duration-ms="6" started-at="2014-05-15T10:32:10Z" finished-at="2014-05-15T10:32:10Z">
      <class name="com.SL8Z.testcases.Client.Verify_Quick_Preview_Buttons">
        <test-method status="PASS" signature="clearCookies()[pri:0, instance:com.SL8Z.testcases.Client.Verify_Quick_Preview_Buttons@1963c81]" name="clearCookies" is-config="true" duration-ms="5" started-at="2014-05-15T16:02:10Z" finished-at="2014-05-15T16:02:10Z">
          <reporter-output>
          </reporter-output>
        </test-method> <!-- clearCookies -->
        <test-method status="SKIP" signature="isSkipped()[pri:0, instance:com.SL8Z.testcases.Client.Verify_Quick_Preview_Buttons@1963c81]" name="isSkipped" is-config="true" duration-ms="0" started-at="2014-05-15T16:02:10Z" depends-on-methods="com.SL8Z.base.TestBase.clearCookies" finished-at="2014-05-15T16:02:10Z">
          <exception class="org.testng.SkipException">
            <message>
              <![CDATA[Runmode set to No]]>
            </message>
            <full-stacktrace>
              <![CDATA[org.testng.SkipException: Runmode set to No
	at com.SL8Z.testcases.Client.Verify_Quick_Preview_Buttons.isSkipped(Verify_Quick_Preview_Buttons.java:17)
	at sun.reflect.NativeMethodAccessorImpl.invoke0(Native Method)
	at sun.reflect.NativeMethodAccessorImpl.invoke(NativeMethodAccessorImpl.java:57)
	at sun.reflect.DelegatingMethodAccessorImpl.invoke(DelegatingMethodAccessorImpl.java:43)
	at java.lang.reflect.Method.invoke(Method.java:606)
	at org.testng.internal.MethodInvocationHelper.invokeMethod(MethodInvocationHelper.java:84)
	at org.testng.internal.Invoker.invokeConfigurationMethod(Invoker.java:564)
	at org.testng.internal.Invoker.invokeConfigurations(Invoker.java:213)
	at org.testng.internal.Invoker.invokeConfigurations(Invoker.java:138)
	at org.testng.TestRunner.beforeRun(TestRunner.java:641)
	at org.testng.TestRunner.run(TestRunner.java:609)
	at org.testng.SuiteRunner.runTest(SuiteRunner.java:334)
	at org.testng.SuiteRunner.runSequentially(SuiteRunner.java:329)
	at org.testng.SuiteRunner.privateRun(SuiteRunner.java:291)
	at org.testng.SuiteRunner.run(SuiteRunner.java:240)
	at org.testng.SuiteRunnerWorker.runSuite(SuiteRunnerWorker.java:52)
	at org.testng.SuiteRunnerWorker.run(SuiteRunnerWorker.java:86)
	at org.testng.TestNG.runSuitesSequentially(TestNG.java:1224)
	at org.testng.TestNG.runSuitesLocally(TestNG.java:1149)
	at org.testng.TestNG.run(TestNG.java:1057)
	at org.apache.maven.surefire.testng.TestNGExecutor.run(TestNGExecutor.java:293)
	at org.apache.maven.surefire.testng.TestNGXmlTestSuite.execute(TestNGXmlTestSuite.java:84)
	at org.apache.maven.surefire.testng.TestNGProvider.invoke(TestNGProvider.java:91)
	at org.apache.maven.surefire.booter.ForkedBooter.invokeProviderInSameClassLoader(ForkedBooter.java:200)
	at org.apache.maven.surefire.booter.ForkedBooter.runSuitesInProcess(ForkedBooter.java:153)
	at org.apache.maven.surefire.booter.ForkedBooter.main(ForkedBooter.java:103)
]]>
            </full-stacktrace>
          </exception> <!-- org.testng.SkipException -->
          <reporter-output>
          </reporter-output>
        </test-method> <!-- isSkipped -->
        <test-method status="SKIP" signature="VerifyQuickPreviewButtons()[pri:0, instance:com.SL8Z.testcases.Client.Verify_Quick_Preview_Buttons@1963c81]" name="VerifyQuickPreviewButtons" duration-ms="0" started-at="2014-05-15T16:02:10Z" finished-at="2014-05-15T16:02:10Z">
          <reporter-output>
          </reporter-output>
        </test-method> <!-- VerifyQuickPreviewButtons -->
      </class> <!-- com.SL8Z.testcases.Client.Verify_Quick_Preview_Buttons -->
    </test> <!-- Verify Quick Preview Buttons -->
    <test name="Verify Placement Fee" duration-ms="1" started-at="2014-05-15T10:32:10Z" finished-at="2014-05-15T10:32:10Z">
      <class name="com.SL8Z.testcases.Client.Verify_Placement_Fee">
        <test-method status="SKIP" signature="isSkipped()[pri:0, instance:com.SL8Z.testcases.Client.Verify_Placement_Fee@141567b]" name="isSkipped" is-config="true" duration-ms="0" started-at="2014-05-15T16:02:10Z" finished-at="2014-05-15T16:02:10Z">
          <exception class="org.testng.SkipException">
            <message>
              <![CDATA[Runmode set to No]]>
            </message>
            <full-stacktrace>
              <![CDATA[org.testng.SkipException: Runmode set to No
	at com.SL8Z.testcases.Client.Verify_Placement_Fee.isSkipped(Verify_Placement_Fee.java:15)
	at sun.reflect.NativeMethodAccessorImpl.invoke0(Native Method)
	at sun.reflect.NativeMethodAccessorImpl.invoke(NativeMethodAccessorImpl.java:57)
	at sun.reflect.DelegatingMethodAccessorImpl.invoke(DelegatingMethodAccessorImpl.java:43)
	at java.lang.reflect.Method.invoke(Method.java:606)
	at org.testng.internal.MethodInvocationHelper.invokeMethod(MethodInvocationHelper.java:84)
	at org.testng.internal.Invoker.invokeConfigurationMethod(Invoker.java:564)
	at org.testng.internal.Invoker.invokeConfigurations(Invoker.java:213)
	at org.testng.internal.Invoker.invokeConfigurations(Invoker.java:138)
	at org.testng.TestRunner.beforeRun(TestRunner.java:641)
	at org.testng.TestRunner.run(TestRunner.java:609)
	at org.testng.SuiteRunner.runTest(SuiteRunner.java:334)
	at org.testng.SuiteRunner.runSequentially(SuiteRunner.java:329)
	at org.testng.SuiteRunner.privateRun(SuiteRunner.java:291)
	at org.testng.SuiteRunner.run(SuiteRunner.java:240)
	at org.testng.SuiteRunnerWorker.runSuite(SuiteRunnerWorker.java:52)
	at org.testng.SuiteRunnerWorker.run(SuiteRunnerWorker.java:86)
	at org.testng.TestNG.runSuitesSequentially(TestNG.java:1224)
	at org.testng.TestNG.runSuitesLocally(TestNG.java:1149)
	at org.testng.TestNG.run(TestNG.java:1057)
	at org.apache.maven.surefire.testng.TestNGExecutor.run(TestNGExecutor.java:293)
	at org.apache.maven.surefire.testng.TestNGXmlTestSuite.execute(TestNGXmlTestSuite.java:84)
	at org.apache.maven.surefire.testng.TestNGProvider.invoke(TestNGProvider.java:91)
	at org.apache.maven.surefire.booter.ForkedBooter.invokeProviderInSameClassLoader(ForkedBooter.java:200)
	at org.apache.maven.surefire.booter.ForkedBooter.runSuitesInProcess(ForkedBooter.java:153)
	at org.apache.maven.surefire.booter.ForkedBooter.main(ForkedBooter.java:103)
]]>
            </full-stacktrace>
          </exception> <!-- org.testng.SkipException -->
          <reporter-output>
          </reporter-output>
        </test-method> <!-- isSkipped -->
        <test-method status="SKIP" signature="VerifyPlacementFee()[pri:0, instance:com.SL8Z.testcases.Client.Verify_Placement_Fee@141567b]" name="VerifyPlacementFee" duration-ms="0" started-at="2014-05-15T16:02:10Z" finished-at="2014-05-15T16:02:10Z">
          <reporter-output>
          </reporter-output>
        </test-method> <!-- VerifyPlacementFee -->
      </class> <!-- com.SL8Z.testcases.Client.Verify_Placement_Fee -->
    </test> <!-- Verify Placement Fee -->
    <test name="Verify Engagement Dashboard Page Links" duration-ms="2" started-at="2014-05-15T10:32:10Z" finished-at="2014-05-15T10:32:10Z">
      <class name="com.SL8Z.testcases.Client.Verify_Engagement_Dashboard_Page_Links">
        <test-method status="SKIP" signature="isSkipped()[pri:0, instance:com.SL8Z.testcases.Client.Verify_Engagement_Dashboard_Page_Links@a40050]" name="isSkipped" is-config="true" duration-ms="0" started-at="2014-05-15T16:02:10Z" finished-at="2014-05-15T16:02:10Z">
          <exception class="org.testng.SkipException">
            <message>
              <![CDATA[Runmode set to No]]>
            </message>
            <full-stacktrace>
              <![CDATA[org.testng.SkipException: Runmode set to No
	at com.SL8Z.testcases.Client.Verify_Engagement_Dashboard_Page_Links.isSkipped(Verify_Engagement_Dashboard_Page_Links.java:15)
	at sun.reflect.NativeMethodAccessorImpl.invoke0(Native Method)
	at sun.reflect.NativeMethodAccessorImpl.invoke(NativeMethodAccessorImpl.java:57)
	at sun.reflect.DelegatingMethodAccessorImpl.invoke(DelegatingMethodAccessorImpl.java:43)
	at java.lang.reflect.Method.invoke(Method.java:606)
	at org.testng.internal.MethodInvocationHelper.invokeMethod(MethodInvocationHelper.java:84)
	at org.testng.internal.Invoker.invokeConfigurationMethod(Invoker.java:564)
	at org.testng.internal.Invoker.invokeConfigurations(Invoker.java:213)
	at org.testng.internal.Invoker.invokeConfigurations(Invoker.java:138)
	at org.testng.TestRunner.beforeRun(TestRunner.java:641)
	at org.testng.TestRunner.run(TestRunner.java:609)
	at org.testng.SuiteRunner.runTest(SuiteRunner.java:334)
	at org.testng.SuiteRunner.runSequentially(SuiteRunner.java:329)
	at org.testng.SuiteRunner.privateRun(SuiteRunner.java:291)
	at org.testng.SuiteRunner.run(SuiteRunner.java:240)
	at org.testng.SuiteRunnerWorker.runSuite(SuiteRunnerWorker.java:52)
	at org.testng.SuiteRunnerWorker.run(SuiteRunnerWorker.java:86)
	at org.testng.TestNG.runSuitesSequentially(TestNG.java:1224)
	at org.testng.TestNG.runSuitesLocally(TestNG.java:1149)
	at org.testng.TestNG.run(TestNG.java:1057)
	at org.apache.maven.surefire.testng.TestNGExecutor.run(TestNGExecutor.java:293)
	at org.apache.maven.surefire.testng.TestNGXmlTestSuite.execute(TestNGXmlTestSuite.java:84)
	at org.apache.maven.surefire.testng.TestNGProvider.invoke(TestNGProvider.java:91)
	at org.apache.maven.surefire.booter.ForkedBooter.invokeProviderInSameClassLoader(ForkedBooter.java:200)
	at org.apache.maven.surefire.booter.ForkedBooter.runSuitesInProcess(ForkedBooter.java:153)
	at org.apache.maven.surefire.booter.ForkedBooter.main(ForkedBooter.java:103)
]]>
            </full-stacktrace>
          </exception> <!-- org.testng.SkipException -->
          <reporter-output>
          </reporter-output>
        </test-method> <!-- isSkipped -->
        <test-method status="SKIP" signature="VerifyEngagementDashboardPageLinks()[pri:0, instance:com.SL8Z.testcases.Client.Verify_Engagement_Dashboard_Page_Links@a40050]" name="VerifyEngagementDashboardPageLinks" duration-ms="0" started-at="2014-05-15T16:02:10Z" finished-at="2014-05-15T16:02:10Z">
          <reporter-output>
          </reporter-output>
        </test-method> <!-- VerifyEngagementDashboardPageLinks -->
      </class> <!-- com.SL8Z.testcases.Client.Verify_Engagement_Dashboard_Page_Links -->
    </test> <!-- Verify Engagement Dashboard Page Links -->
    <test name="Verify Action Buttons" duration-ms="2" started-at="2014-05-15T10:32:10Z" finished-at="2014-05-15T10:32:10Z">
      <class name="com.SL8Z.testcases.Client.Verify_Action_Buttons">
        <test-method status="SKIP" signature="isSkipped()[pri:0, instance:com.SL8Z.testcases.Client.Verify_Action_Buttons@11c635]" name="isSkipped" is-config="true" duration-ms="0" started-at="2014-05-15T16:02:10Z" finished-at="2014-05-15T16:02:10Z">
          <exception class="org.testng.SkipException">
            <message>
              <![CDATA[Runmode set to No]]>
            </message>
            <full-stacktrace>
              <![CDATA[org.testng.SkipException: Runmode set to No
	at com.SL8Z.testcases.Client.Verify_Action_Buttons.isSkipped(Verify_Action_Buttons.java:16)
	at sun.reflect.NativeMethodAccessorImpl.invoke0(Native Method)
	at sun.reflect.NativeMethodAccessorImpl.invoke(NativeMethodAccessorImpl.java:57)
	at sun.reflect.DelegatingMethodAccessorImpl.invoke(DelegatingMethodAccessorImpl.java:43)
	at java.lang.reflect.Method.invoke(Method.java:606)
	at org.testng.internal.MethodInvocationHelper.invokeMethod(MethodInvocationHelper.java:84)
	at org.testng.internal.Invoker.invokeConfigurationMethod(Invoker.java:564)
	at org.testng.internal.Invoker.invokeConfigurations(Invoker.java:213)
	at org.testng.internal.Invoker.invokeConfigurations(Invoker.java:138)
	at org.testng.TestRunner.beforeRun(TestRunner.java:641)
	at org.testng.TestRunner.run(TestRunner.java:609)
	at org.testng.SuiteRunner.runTest(SuiteRunner.java:334)
	at org.testng.SuiteRunner.runSequentially(SuiteRunner.java:329)
	at org.testng.SuiteRunner.privateRun(SuiteRunner.java:291)
	at org.testng.SuiteRunner.run(SuiteRunner.java:240)
	at org.testng.SuiteRunnerWorker.runSuite(SuiteRunnerWorker.java:52)
	at org.testng.SuiteRunnerWorker.run(SuiteRunnerWorker.java:86)
	at org.testng.TestNG.runSuitesSequentially(TestNG.java:1224)
	at org.testng.TestNG.runSuitesLocally(TestNG.java:1149)
	at org.testng.TestNG.run(TestNG.java:1057)
	at org.apache.maven.surefire.testng.TestNGExecutor.run(TestNGExecutor.java:293)
	at org.apache.maven.surefire.testng.TestNGXmlTestSuite.execute(TestNGXmlTestSuite.java:84)
	at org.apache.maven.surefire.testng.TestNGProvider.invoke(TestNGProvider.java:91)
	at org.apache.maven.surefire.booter.ForkedBooter.invokeProviderInSameClassLoader(ForkedBooter.java:200)
	at org.apache.maven.surefire.booter.ForkedBooter.runSuitesInProcess(ForkedBooter.java:153)
	at org.apache.maven.surefire.booter.ForkedBooter.main(ForkedBooter.java:103)
]]>
            </full-stacktrace>
          </exception> <!-- org.testng.SkipException -->
          <reporter-output>
          </reporter-output>
        </test-method> <!-- isSkipped -->
        <test-method status="SKIP" signature="VerifyActionButtons(java.lang.String)[pri:0, instance:com.SL8Z.testcases.Client.Verify_Action_Buttons@11c635]" name="VerifyActionButtons" duration-ms="0" started-at="2014-05-15T16:02:10Z" data-provider="getData" finished-at="2014-05-15T16:02:10Z">
          <params>
            <param index="0">
              <value>
                <![CDATA[Post 8]]>
              </value>
            </param>
          </params>
          <reporter-output>
          </reporter-output>
        </test-method> <!-- VerifyActionButtons -->
        <test-method status="SKIP" signature="VerifyActionButtons(java.lang.String)[pri:0, instance:com.SL8Z.testcases.Client.Verify_Action_Buttons@11c635]" name="VerifyActionButtons" duration-ms="0" started-at="2014-05-15T16:02:10Z" data-provider="getData" finished-at="2014-05-15T16:02:10Z">
          <params>
            <param index="0">
              <value>
                <![CDATA[Post 7]]>
              </value>
            </param>
          </params>
          <reporter-output>
          </reporter-output>
        </test-method> <!-- VerifyActionButtons -->
      </class> <!-- com.SL8Z.testcases.Client.Verify_Action_Buttons -->
    </test> <!-- Verify Action Buttons -->
    <test name="Verify Corresponding Numbers" duration-ms="2" started-at="2014-05-15T10:32:10Z" finished-at="2014-05-15T10:32:10Z">
      <class name="com.SL8Z.testcases.Client.Verify_Corresponding_Numbers">
        <test-method status="SKIP" signature="isSkipped()[pri:0, instance:com.SL8Z.testcases.Client.Verify_Corresponding_Numbers@6b2ab7]" name="isSkipped" is-config="true" duration-ms="0" started-at="2014-05-15T16:02:10Z" finished-at="2014-05-15T16:02:10Z">
          <exception class="org.testng.SkipException">
            <message>
              <![CDATA[Runmode set to No]]>
            </message>
            <full-stacktrace>
              <![CDATA[org.testng.SkipException: Runmode set to No
	at com.SL8Z.testcases.Client.Verify_Corresponding_Numbers.isSkipped(Verify_Corresponding_Numbers.java:14)
	at sun.reflect.NativeMethodAccessorImpl.invoke0(Native Method)
	at sun.reflect.NativeMethodAccessorImpl.invoke(NativeMethodAccessorImpl.java:57)
	at sun.reflect.DelegatingMethodAccessorImpl.invoke(DelegatingMethodAccessorImpl.java:43)
	at java.lang.reflect.Method.invoke(Method.java:606)
	at org.testng.internal.MethodInvocationHelper.invokeMethod(MethodInvocationHelper.java:84)
	at org.testng.internal.Invoker.invokeConfigurationMethod(Invoker.java:564)
	at org.testng.internal.Invoker.invokeConfigurations(Invoker.java:213)
	at org.testng.internal.Invoker.invokeConfigurations(Invoker.java:138)
	at org.testng.TestRunner.beforeRun(TestRunner.java:641)
	at org.testng.TestRunner.run(TestRunner.java:609)
	at org.testng.SuiteRunner.runTest(SuiteRunner.java:334)
	at org.testng.SuiteRunner.runSequentially(SuiteRunner.java:329)
	at org.testng.SuiteRunner.privateRun(SuiteRunner.java:291)
	at org.testng.SuiteRunner.run(SuiteRunner.java:240)
	at org.testng.SuiteRunnerWorker.runSuite(SuiteRunnerWorker.java:52)
	at org.testng.SuiteRunnerWorker.run(SuiteRunnerWorker.java:86)
	at org.testng.TestNG.runSuitesSequentially(TestNG.java:1224)
	at org.testng.TestNG.runSuitesLocally(TestNG.java:1149)
	at org.testng.TestNG.run(TestNG.java:1057)
	at org.apache.maven.surefire.testng.TestNGExecutor.run(TestNGExecutor.java:293)
	at org.apache.maven.surefire.testng.TestNGXmlTestSuite.execute(TestNGXmlTestSuite.java:84)
	at org.apache.maven.surefire.testng.TestNGProvider.invoke(TestNGProvider.java:91)
	at org.apache.maven.surefire.booter.ForkedBooter.invokeProviderInSameClassLoader(ForkedBooter.java:200)
	at org.apache.maven.surefire.booter.ForkedBooter.runSuitesInProcess(ForkedBooter.java:153)
	at org.apache.maven.surefire.booter.ForkedBooter.main(ForkedBooter.java:103)
]]>
            </full-stacktrace>
          </exception> <!-- org.testng.SkipException -->
          <reporter-output>
          </reporter-output>
        </test-method> <!-- isSkipped -->
        <test-method status="SKIP" signature="VerifyCorrespondingNumbers()[pri:0, instance:com.SL8Z.testcases.Client.Verify_Corresponding_Numbers@6b2ab7]" name="VerifyCorrespondingNumbers" duration-ms="0" started-at="2014-05-15T16:02:10Z" finished-at="2014-05-15T16:02:10Z">
          <reporter-output>
          </reporter-output>
        </test-method> <!-- VerifyCorrespondingNumbers -->
      </class> <!-- com.SL8Z.testcases.Client.Verify_Corresponding_Numbers -->
    </test> <!-- Verify Corresponding Numbers -->
    <test name="Verify Corresponding Number Single Job Dashboard" duration-ms="2" started-at="2014-05-15T10:32:10Z" finished-at="2014-05-15T10:32:10Z">
      <class name="com.SL8Z.testcases.Client.Verify_Corresponding_Number_Single_Job_Dashboard$Verify_Corresponding_Numbers">
        <test-method status="SKIP" signature="isSkipped()[pri:0, instance:com.SL8Z.testcases.Client.Verify_Corresponding_Number_Single_Job_Dashboard$Verify_Corresponding_Numbers@e38fae]" name="isSkipped" is-config="true" duration-ms="0" started-at="2014-05-15T16:02:10Z" finished-at="2014-05-15T16:02:10Z">
          <exception class="org.testng.SkipException">
            <message>
              <![CDATA[Runmode set to No]]>
            </message>
            <full-stacktrace>
              <![CDATA[org.testng.SkipException: Runmode set to No
	at com.SL8Z.testcases.Client.Verify_Corresponding_Number_Single_Job_Dashboard$Verify_Corresponding_Numbers.isSkipped(Verify_Corresponding_Number_Single_Job_Dashboard.java:16)
	at sun.reflect.NativeMethodAccessorImpl.invoke0(Native Method)
	at sun.reflect.NativeMethodAccessorImpl.invoke(NativeMethodAccessorImpl.java:57)
	at sun.reflect.DelegatingMethodAccessorImpl.invoke(DelegatingMethodAccessorImpl.java:43)
	at java.lang.reflect.Method.invoke(Method.java:606)
	at org.testng.internal.MethodInvocationHelper.invokeMethod(MethodInvocationHelper.java:84)
	at org.testng.internal.Invoker.invokeConfigurationMethod(Invoker.java:564)
	at org.testng.internal.Invoker.invokeConfigurations(Invoker.java:213)
	at org.testng.internal.Invoker.invokeConfigurations(Invoker.java:138)
	at org.testng.TestRunner.beforeRun(TestRunner.java:641)
	at org.testng.TestRunner.run(TestRunner.java:609)
	at org.testng.SuiteRunner.runTest(SuiteRunner.java:334)
	at org.testng.SuiteRunner.runSequentially(SuiteRunner.java:329)
	at org.testng.SuiteRunner.privateRun(SuiteRunner.java:291)
	at org.testng.SuiteRunner.run(SuiteRunner.java:240)
	at org.testng.SuiteRunnerWorker.runSuite(SuiteRunnerWorker.java:52)
	at org.testng.SuiteRunnerWorker.run(SuiteRunnerWorker.java:86)
	at org.testng.TestNG.runSuitesSequentially(TestNG.java:1224)
	at org.testng.TestNG.runSuitesLocally(TestNG.java:1149)
	at org.testng.TestNG.run(TestNG.java:1057)
	at org.apache.maven.surefire.testng.TestNGExecutor.run(TestNGExecutor.java:293)
	at org.apache.maven.surefire.testng.TestNGXmlTestSuite.execute(TestNGXmlTestSuite.java:84)
	at org.apache.maven.surefire.testng.TestNGProvider.invoke(TestNGProvider.java:91)
	at org.apache.maven.surefire.booter.ForkedBooter.invokeProviderInSameClassLoader(ForkedBooter.java:200)
	at org.apache.maven.surefire.booter.ForkedBooter.runSuitesInProcess(ForkedBooter.java:153)
	at org.apache.maven.surefire.booter.ForkedBooter.main(ForkedBooter.java:103)
]]>
            </full-stacktrace>
          </exception> <!-- org.testng.SkipException -->
          <reporter-output>
          </reporter-output>
        </test-method> <!-- isSkipped -->
        <test-method status="SKIP" signature="VerifyCorrespondingNumberSingleJobDashboard()[pri:0, instance:com.SL8Z.testcases.Client.Verify_Corresponding_Number_Single_Job_Dashboard$Verify_Corresponding_Numbers@e38fae]" name="VerifyCorrespondingNumberSingleJobDashboard" duration-ms="0" started-at="2014-05-15T16:02:10Z" finished-at="2014-05-15T16:02:10Z">
          <reporter-output>
          </reporter-output>
        </test-method> <!-- VerifyCorrespondingNumberSingleJobDashboard -->
      </class> <!-- com.SL8Z.testcases.Client.Verify_Corresponding_Number_Single_Job_Dashboard$Verify_Corresponding_Numbers -->
    </test> <!-- Verify Corresponding Number Single Job Dashboard -->
    <test name="Verify Action Buttons Single Job Dashboard" duration-ms="6" started-at="2014-05-15T10:32:10Z" finished-at="2014-05-15T10:32:10Z">
      <class name="com.SL8Z.testcases.Client.Verify_Action_Buttons_Single_Job_Dashboard">
        <test-method status="SKIP" signature="isSkipped()[pri:0, instance:com.SL8Z.testcases.Client.Verify_Action_Buttons_Single_Job_Dashboard@4845a2]" name="isSkipped" is-config="true" duration-ms="0" started-at="2014-05-15T16:02:10Z" finished-at="2014-05-15T16:02:10Z">
          <exception class="org.testng.SkipException">
            <message>
              <![CDATA[Runmode set to No]]>
            </message>
            <full-stacktrace>
              <![CDATA[org.testng.SkipException: Runmode set to No
	at com.SL8Z.testcases.Client.Verify_Action_Buttons_Single_Job_Dashboard.isSkipped(Verify_Action_Buttons_Single_Job_Dashboard.java:16)
	at sun.reflect.NativeMethodAccessorImpl.invoke0(Native Method)
	at sun.reflect.NativeMethodAccessorImpl.invoke(NativeMethodAccessorImpl.java:57)
	at sun.reflect.DelegatingMethodAccessorImpl.invoke(DelegatingMethodAccessorImpl.java:43)
	at java.lang.reflect.Method.invoke(Method.java:606)
	at org.testng.internal.MethodInvocationHelper.invokeMethod(MethodInvocationHelper.java:84)
	at org.testng.internal.Invoker.invokeConfigurationMethod(Invoker.java:564)
	at org.testng.internal.Invoker.invokeConfigurations(Invoker.java:213)
	at org.testng.internal.Invoker.invokeConfigurations(Invoker.java:138)
	at org.testng.TestRunner.beforeRun(TestRunner.java:641)
	at org.testng.TestRunner.run(TestRunner.java:609)
	at org.testng.SuiteRunner.runTest(SuiteRunner.java:334)
	at org.testng.SuiteRunner.runSequentially(SuiteRunner.java:329)
	at org.testng.SuiteRunner.privateRun(SuiteRunner.java:291)
	at org.testng.SuiteRunner.run(SuiteRunner.java:240)
	at org.testng.SuiteRunnerWorker.runSuite(SuiteRunnerWorker.java:52)
	at org.testng.SuiteRunnerWorker.run(SuiteRunnerWorker.java:86)
	at org.testng.TestNG.runSuitesSequentially(TestNG.java:1224)
	at org.testng.TestNG.runSuitesLocally(TestNG.java:1149)
	at org.testng.TestNG.run(TestNG.java:1057)
	at org.apache.maven.surefire.testng.TestNGExecutor.run(TestNGExecutor.java:293)
	at org.apache.maven.surefire.testng.TestNGXmlTestSuite.execute(TestNGXmlTestSuite.java:84)
	at org.apache.maven.surefire.testng.TestNGProvider.invoke(TestNGProvider.java:91)
	at org.apache.maven.surefire.booter.ForkedBooter.invokeProviderInSameClassLoader(ForkedBooter.java:200)
	at org.apache.maven.surefire.booter.ForkedBooter.runSuitesInProcess(ForkedBooter.java:153)
	at org.apache.maven.surefire.booter.ForkedBooter.main(ForkedBooter.java:103)
]]>
            </full-stacktrace>
          </exception> <!-- org.testng.SkipException -->
          <reporter-output>
          </reporter-output>
        </test-method> <!-- isSkipped -->
        <test-method status="SKIP" signature="VerifyActionButtonsSingleJobDashboard(java.lang.String)[pri:0, instance:com.SL8Z.testcases.Client.Verify_Action_Buttons_Single_Job_Dashboard@4845a2]" name="VerifyActionButtonsSingleJobDashboard" duration-ms="0" started-at="2014-05-15T16:02:10Z" data-provider="getData" finished-at="2014-05-15T16:02:10Z">
          <params>
            <param index="0">
              <value>
                <![CDATA[Post 7]]>
              </value>
            </param>
          </params>
          <reporter-output>
          </reporter-output>
        </test-method> <!-- VerifyActionButtonsSingleJobDashboard -->
        <test-method status="SKIP" signature="VerifyActionButtonsSingleJobDashboard(java.lang.String)[pri:0, instance:com.SL8Z.testcases.Client.Verify_Action_Buttons_Single_Job_Dashboard@4845a2]" name="VerifyActionButtonsSingleJobDashboard" duration-ms="0" started-at="2014-05-15T16:02:10Z" data-provider="getData" finished-at="2014-05-15T16:02:10Z">
          <params>
            <param index="0">
              <value>
                <![CDATA[Post 8]]>
              </value>
            </param>
          </params>
          <reporter-output>
          </reporter-output>
        </test-method> <!-- VerifyActionButtonsSingleJobDashboard -->
      </class> <!-- com.SL8Z.testcases.Client.Verify_Action_Buttons_Single_Job_Dashboard -->
    </test> <!-- Verify Action Buttons Single Job Dashboard -->
    <test name="Verify Candidate Is Presented" duration-ms="7" started-at="2014-05-15T10:32:10Z" finished-at="2014-05-15T10:32:10Z">
      <class name="com.SL8Z.testcases.Partner.Verify_Candidate_Is_Presented">
        <test-method status="PASS" signature="clearCookies()[pri:0, instance:com.SL8Z.testcases.Partner.Verify_Candidate_Is_Presented@14966cc]" name="clearCookies" is-config="true" duration-ms="5" started-at="2014-05-15T16:02:10Z" finished-at="2014-05-15T16:02:10Z">
          <reporter-output>
          </reporter-output>
        </test-method> <!-- clearCookies -->
        <test-method status="SKIP" signature="isSkipped()[pri:0, instance:com.SL8Z.testcases.Partner.Verify_Candidate_Is_Presented@14966cc]" name="isSkipped" is-config="true" duration-ms="0" started-at="2014-05-15T16:02:10Z" depends-on-methods="com.SL8Z.base.TestBase.clearCookies" finished-at="2014-05-15T16:02:10Z">
          <exception class="org.testng.SkipException">
            <message>
              <![CDATA[Runmode set to No]]>
            </message>
            <full-stacktrace>
              <![CDATA[org.testng.SkipException: Runmode set to No
	at com.SL8Z.testcases.Partner.Verify_Candidate_Is_Presented.isSkipped(Verify_Candidate_Is_Presented.java:16)
	at sun.reflect.NativeMethodAccessorImpl.invoke0(Native Method)
	at sun.reflect.NativeMethodAccessorImpl.invoke(NativeMethodAccessorImpl.java:57)
	at sun.reflect.DelegatingMethodAccessorImpl.invoke(DelegatingMethodAccessorImpl.java:43)
	at java.lang.reflect.Method.invoke(Method.java:606)
	at org.testng.internal.MethodInvocationHelper.invokeMethod(MethodInvocationHelper.java:84)
	at org.testng.internal.Invoker.invokeConfigurationMethod(Invoker.java:564)
	at org.testng.internal.Invoker.invokeConfigurations(Invoker.java:213)
	at org.testng.internal.Invoker.invokeConfigurations(Invoker.java:138)
	at org.testng.TestRunner.beforeRun(TestRunner.java:641)
	at org.testng.TestRunner.run(TestRunner.java:609)
	at org.testng.SuiteRunner.runTest(SuiteRunner.java:334)
	at org.testng.SuiteRunner.runSequentially(SuiteRunner.java:329)
	at org.testng.SuiteRunner.privateRun(SuiteRunner.java:291)
	at org.testng.SuiteRunner.run(SuiteRunner.java:240)
	at org.testng.SuiteRunnerWorker.runSuite(SuiteRunnerWorker.java:52)
	at org.testng.SuiteRunnerWorker.run(SuiteRunnerWorker.java:86)
	at org.testng.TestNG.runSuitesSequentially(TestNG.java:1224)
	at org.testng.TestNG.runSuitesLocally(TestNG.java:1149)
	at org.testng.TestNG.run(TestNG.java:1057)
	at org.apache.maven.surefire.testng.TestNGExecutor.run(TestNGExecutor.java:293)
	at org.apache.maven.surefire.testng.TestNGXmlTestSuite.execute(TestNGXmlTestSuite.java:84)
	at org.apache.maven.surefire.testng.TestNGProvider.invoke(TestNGProvider.java:91)
	at org.apache.maven.surefire.booter.ForkedBooter.invokeProviderInSameClassLoader(ForkedBooter.java:200)
	at org.apache.maven.surefire.booter.ForkedBooter.runSuitesInProcess(ForkedBooter.java:153)
	at org.apache.maven.surefire.booter.ForkedBooter.main(ForkedBooter.java:103)
]]>
            </full-stacktrace>
          </exception> <!-- org.testng.SkipException -->
          <reporter-output>
          </reporter-output>
        </test-method> <!-- isSkipped -->
        <test-method status="SKIP" signature="VerifyCandidateIsPresented()[pri:0, instance:com.SL8Z.testcases.Partner.Verify_Candidate_Is_Presented@14966cc]" name="VerifyCandidateIsPresented" duration-ms="0" started-at="2014-05-15T16:02:10Z" finished-at="2014-05-15T16:02:10Z">
          <reporter-output>
          </reporter-output>
        </test-method> <!-- VerifyCandidateIsPresented -->
      </class> <!-- com.SL8Z.testcases.Partner.Verify_Candidate_Is_Presented -->
    </test> <!-- Verify Candidate Is Presented -->
    <test name="Verify Partner Client Side Validation" duration-ms="8" started-at="2014-05-15T10:32:10Z" finished-at="2014-05-15T10:32:10Z">
      <class name="com.SL8Z.testcases.Partner.Verify_Partner_Client_Side_Validation">
        <test-method status="PASS" signature="clearCookies()[pri:0, instance:com.SL8Z.testcases.Partner.Verify_Partner_Client_Side_Validation@d4b411]" name="clearCookies" is-config="true" duration-ms="6" started-at="2014-05-15T16:02:10Z" finished-at="2014-05-15T16:02:10Z">
          <reporter-output>
          </reporter-output>
        </test-method> <!-- clearCookies -->
        <test-method status="SKIP" signature="isSkipped()[pri:0, instance:com.SL8Z.testcases.Partner.Verify_Partner_Client_Side_Validation@d4b411]" name="isSkipped" is-config="true" duration-ms="0" started-at="2014-05-15T16:02:10Z" depends-on-methods="com.SL8Z.base.TestBase.clearCookies" finished-at="2014-05-15T16:02:10Z">
          <exception class="org.testng.SkipException">
            <message>
              <![CDATA[Runmode set to No]]>
            </message>
            <full-stacktrace>
              <![CDATA[org.testng.SkipException: Runmode set to No
	at com.SL8Z.testcases.Partner.Verify_Partner_Client_Side_Validation.isSkipped(Verify_Partner_Client_Side_Validation.java:16)
	at sun.reflect.NativeMethodAccessorImpl.invoke0(Native Method)
	at sun.reflect.NativeMethodAccessorImpl.invoke(NativeMethodAccessorImpl.java:57)
	at sun.reflect.DelegatingMethodAccessorImpl.invoke(DelegatingMethodAccessorImpl.java:43)
	at java.lang.reflect.Method.invoke(Method.java:606)
	at org.testng.internal.MethodInvocationHelper.invokeMethod(MethodInvocationHelper.java:84)
	at org.testng.internal.Invoker.invokeConfigurationMethod(Invoker.java:564)
	at org.testng.internal.Invoker.invokeConfigurations(Invoker.java:213)
	at org.testng.internal.Invoker.invokeConfigurations(Invoker.java:138)
	at org.testng.TestRunner.beforeRun(TestRunner.java:641)
	at org.testng.TestRunner.run(TestRunner.java:609)
	at org.testng.SuiteRunner.runTest(SuiteRunner.java:334)
	at org.testng.SuiteRunner.runSequentially(SuiteRunner.java:329)
	at org.testng.SuiteRunner.privateRun(SuiteRunner.java:291)
	at org.testng.SuiteRunner.run(SuiteRunner.java:240)
	at org.testng.SuiteRunnerWorker.runSuite(SuiteRunnerWorker.java:52)
	at org.testng.SuiteRunnerWorker.run(SuiteRunnerWorker.java:86)
	at org.testng.TestNG.runSuitesSequentially(TestNG.java:1224)
	at org.testng.TestNG.runSuitesLocally(TestNG.java:1149)
	at org.testng.TestNG.run(TestNG.java:1057)
	at org.apache.maven.surefire.testng.TestNGExecutor.run(TestNGExecutor.java:293)
	at org.apache.maven.surefire.testng.TestNGXmlTestSuite.execute(TestNGXmlTestSuite.java:84)
	at org.apache.maven.surefire.testng.TestNGProvider.invoke(TestNGProvider.java:91)
	at org.apache.maven.surefire.booter.ForkedBooter.invokeProviderInSameClassLoader(ForkedBooter.java:200)
	at org.apache.maven.surefire.booter.ForkedBooter.runSuitesInProcess(ForkedBooter.java:153)
	at org.apache.maven.surefire.booter.ForkedBooter.main(ForkedBooter.java:103)
]]>
            </full-stacktrace>
          </exception> <!-- org.testng.SkipException -->
          <reporter-output>
          </reporter-output>
        </test-method> <!-- isSkipped -->
        <test-method status="SKIP" signature="VerifyPartnerClientSideValidation()[pri:0, instance:com.SL8Z.testcases.Partner.Verify_Partner_Client_Side_Validation@d4b411]" name="VerifyPartnerClientSideValidation" duration-ms="0" started-at="2014-05-15T16:02:10Z" finished-at="2014-05-15T16:02:10Z">
          <reporter-output>
          </reporter-output>
        </test-method> <!-- VerifyPartnerClientSideValidation -->
      </class> <!-- com.SL8Z.testcases.Partner.Verify_Partner_Client_Side_Validation -->
    </test> <!-- Verify Partner Client Side Validation -->
    <test name="Verify Partner Server Side Validation" duration-ms="6" started-at="2014-05-15T10:32:10Z" finished-at="2014-05-15T10:32:10Z">
      <class name="com.SL8Z.testcases.Partner.Verify_Partner_Server_Side_Validation">
        <test-method status="PASS" signature="clearCookies()[pri:0, instance:com.SL8Z.testcases.Partner.Verify_Partner_Server_Side_Validation@71b383]" name="clearCookies" is-config="true" duration-ms="4" started-at="2014-05-15T16:02:10Z" finished-at="2014-05-15T16:02:10Z">
          <reporter-output>
          </reporter-output>
        </test-method> <!-- clearCookies -->
        <test-method status="SKIP" signature="isSkipped()[pri:0, instance:com.SL8Z.testcases.Partner.Verify_Partner_Server_Side_Validation@71b383]" name="isSkipped" is-config="true" duration-ms="0" started-at="2014-05-15T16:02:10Z" depends-on-methods="com.SL8Z.base.TestBase.clearCookies" finished-at="2014-05-15T16:02:10Z">
          <exception class="org.testng.SkipException">
            <message>
              <![CDATA[Runmode set to No]]>
            </message>
            <full-stacktrace>
              <![CDATA[org.testng.SkipException: Runmode set to No
	at com.SL8Z.testcases.Partner.Verify_Partner_Server_Side_Validation.isSkipped(Verify_Partner_Server_Side_Validation.java:19)
	at sun.reflect.NativeMethodAccessorImpl.invoke0(Native Method)
	at sun.reflect.NativeMethodAccessorImpl.invoke(NativeMethodAccessorImpl.java:57)
	at sun.reflect.DelegatingMethodAccessorImpl.invoke(DelegatingMethodAccessorImpl.java:43)
	at java.lang.reflect.Method.invoke(Method.java:606)
	at org.testng.internal.MethodInvocationHelper.invokeMethod(MethodInvocationHelper.java:84)
	at org.testng.internal.Invoker.invokeConfigurationMethod(Invoker.java:564)
	at org.testng.internal.Invoker.invokeConfigurations(Invoker.java:213)
	at org.testng.internal.Invoker.invokeConfigurations(Invoker.java:138)
	at org.testng.TestRunner.beforeRun(TestRunner.java:641)
	at org.testng.TestRunner.run(TestRunner.java:609)
	at org.testng.SuiteRunner.runTest(SuiteRunner.java:334)
	at org.testng.SuiteRunner.runSequentially(SuiteRunner.java:329)
	at org.testng.SuiteRunner.privateRun(SuiteRunner.java:291)
	at org.testng.SuiteRunner.run(SuiteRunner.java:240)
	at org.testng.SuiteRunnerWorker.runSuite(SuiteRunnerWorker.java:52)
	at org.testng.SuiteRunnerWorker.run(SuiteRunnerWorker.java:86)
	at org.testng.TestNG.runSuitesSequentially(TestNG.java:1224)
	at org.testng.TestNG.runSuitesLocally(TestNG.java:1149)
	at org.testng.TestNG.run(TestNG.java:1057)
	at org.apache.maven.surefire.testng.TestNGExecutor.run(TestNGExecutor.java:293)
	at org.apache.maven.surefire.testng.TestNGXmlTestSuite.execute(TestNGXmlTestSuite.java:84)
	at org.apache.maven.surefire.testng.TestNGProvider.invoke(TestNGProvider.java:91)
	at org.apache.maven.surefire.booter.ForkedBooter.invokeProviderInSameClassLoader(ForkedBooter.java:200)
	at org.apache.maven.surefire.booter.ForkedBooter.runSuitesInProcess(ForkedBooter.java:153)
	at org.apache.maven.surefire.booter.ForkedBooter.main(ForkedBooter.java:103)
]]>
            </full-stacktrace>
          </exception> <!-- org.testng.SkipException -->
          <reporter-output>
          </reporter-output>
        </test-method> <!-- isSkipped -->
        <test-method status="SKIP" signature="VerifyPartnerServerSideValidation()[pri:0, instance:com.SL8Z.testcases.Partner.Verify_Partner_Server_Side_Validation@71b383]" name="VerifyPartnerServerSideValidation" duration-ms="0" started-at="2014-05-15T16:02:10Z" finished-at="2014-05-15T16:02:10Z">
          <reporter-output>
          </reporter-output>
        </test-method> <!-- VerifyPartnerServerSideValidation -->
      </class> <!-- com.SL8Z.testcases.Partner.Verify_Partner_Server_Side_Validation -->
    </test> <!-- Verify Partner Server Side Validation -->
    <test name="Verify Partner Quick Preview Buttons" duration-ms="11010" started-at="2014-05-15T10:32:10Z" finished-at="2014-05-15T10:32:21Z">
      <class name="com.SL8Z.testcases.Partner.Verify_Partner_Quick_Preview_Buttons">
        <test-method status="PASS" signature="clearCookies()[pri:0, instance:com.SL8Z.testcases.Partner.Verify_Partner_Quick_Preview_Buttons@46a171]" name="clearCookies" is-config="true" duration-ms="5" started-at="2014-05-15T16:02:10Z" finished-at="2014-05-15T16:02:10Z">
          <reporter-output>
          </reporter-output>
        </test-method> <!-- clearCookies -->
        <test-method status="PASS" signature="isSkipped()[pri:0, instance:com.SL8Z.testcases.Partner.Verify_Partner_Quick_Preview_Buttons@46a171]" name="isSkipped" is-config="true" duration-ms="1" started-at="2014-05-15T16:02:10Z" depends-on-methods="com.SL8Z.base.TestBase.clearCookies" finished-at="2014-05-15T16:02:10Z">
          <reporter-output>
          </reporter-output>
        </test-method> <!-- isSkipped -->
        <test-method status="FAIL" signature="VerifyPartnerQuickPreviewButtons()[pri:0, instance:com.SL8Z.testcases.Partner.Verify_Partner_Quick_Preview_Buttons@46a171]" name="VerifyPartnerQuickPreviewButtons" duration-ms="11000" started-at="2014-05-15T16:02:10Z" finished-at="2014-05-15T16:02:21Z">
          <exception class="java.lang.AssertionError">
            <message>
              <![CDATA[This script is failing]]>
            </message>
            <full-stacktrace>
              <![CDATA[java.lang.AssertionError: This script is failing
	at org.testng.Assert.fail(Assert.java:94)
	at com.SL8Z.utility.TestUtil.SL8Z_Homepage(TestUtil.java:47)
	at com.SL8Z.testcases.Partner.Verify_Partner_Quick_Preview_Buttons.VerifyPartnerQuickPreviewButtons(Verify_Partner_Quick_Preview_Buttons.java:23)
	at sun.reflect.NativeMethodAccessorImpl.invoke0(Native Method)
	at sun.reflect.NativeMethodAccessorImpl.invoke(NativeMethodAccessorImpl.java:57)
	at sun.reflect.DelegatingMethodAccessorImpl.invoke(DelegatingMethodAccessorImpl.java:43)
	at java.lang.reflect.Method.invoke(Method.java:606)
	at org.testng.internal.MethodInvocationHelper.invokeMethod(MethodInvocationHelper.java:84)
	at org.testng.internal.Invoker.invokeMethod(Invoker.java:714)
	at org.testng.internal.Invoker.invokeTestMethod(Invoker.java:901)
	at org.testng.internal.Invoker.invokeTestMethods(Invoker.java:1231)
	at org.testng.internal.TestMethodWorker.invokeTestMethods(TestMethodWorker.java:127)
	at org.testng.internal.TestMethodWorker.run(TestMethodWorker.java:111)
	at org.testng.TestRunner.privateRun(TestRunner.java:767)
	at org.testng.TestRunner.run(TestRunner.java:617)
	at org.testng.SuiteRunner.runTest(SuiteRunner.java:334)
	at org.testng.SuiteRunner.runSequentially(SuiteRunner.java:329)
	at org.testng.SuiteRunner.privateRun(SuiteRunner.java:291)
	at org.testng.SuiteRunner.run(SuiteRunner.java:240)
	at org.testng.SuiteRunnerWorker.runSuite(SuiteRunnerWorker.java:52)
	at org.testng.SuiteRunnerWorker.run(SuiteRunnerWorker.java:86)
	at org.testng.TestNG.runSuitesSequentially(TestNG.java:1224)
	at org.testng.TestNG.runSuitesLocally(TestNG.java:1149)
	at org.testng.TestNG.run(TestNG.java:1057)
	at org.apache.maven.surefire.testng.TestNGExecutor.run(TestNGExecutor.java:293)
	at org.apache.maven.surefire.testng.TestNGXmlTestSuite.execute(TestNGXmlTestSuite.java:84)
	at org.apache.maven.surefire.testng.TestNGProvider.invoke(TestNGProvider.java:91)
	at org.apache.maven.surefire.booter.ForkedBooter.invokeProviderInSameClassLoader(ForkedBooter.java:200)
	at org.apache.maven.surefire.booter.ForkedBooter.runSuitesInProcess(ForkedBooter.java:153)
	at org.apache.maven.surefire.booter.ForkedBooter.main(ForkedBooter.java:103)
]]>
            </full-stacktrace>
          </exception> <!-- java.lang.AssertionError -->
          <reporter-output>
          </reporter-output>
        </test-method> <!-- VerifyPartnerQuickPreviewButtons -->
      </class> <!-- com.SL8Z.testcases.Partner.Verify_Partner_Quick_Preview_Buttons -->
    </test> <!-- Verify Partner Quick Preview Buttons -->
    <test name="Verify Partner Side Engagement Dashboard Page Links" duration-ms="2" started-at="2014-05-15T10:32:21Z" finished-at="2014-05-15T10:32:21Z">
      <class name="com.SL8Z.testcases.Partner.Verify_Partner_Side_Engagement_Dashboard_Page_Links">
        <test-method status="SKIP" signature="isSkipped()[pri:0, instance:com.SL8Z.testcases.Partner.Verify_Partner_Side_Engagement_Dashboard_Page_Links@1ac9fff]" name="isSkipped" is-config="true" duration-ms="0" started-at="2014-05-15T16:02:21Z" finished-at="2014-05-15T16:02:21Z">
          <exception class="org.testng.SkipException">
            <message>
              <![CDATA[Runmode set to No]]>
            </message>
            <full-stacktrace>
              <![CDATA[org.testng.SkipException: Runmode set to No
	at com.SL8Z.testcases.Partner.Verify_Partner_Side_Engagement_Dashboard_Page_Links.isSkipped(Verify_Partner_Side_Engagement_Dashboard_Page_Links.java:15)
	at sun.reflect.NativeMethodAccessorImpl.invoke0(Native Method)
	at sun.reflect.NativeMethodAccessorImpl.invoke(NativeMethodAccessorImpl.java:57)
	at sun.reflect.DelegatingMethodAccessorImpl.invoke(DelegatingMethodAccessorImpl.java:43)
	at java.lang.reflect.Method.invoke(Method.java:606)
	at org.testng.internal.MethodInvocationHelper.invokeMethod(MethodInvocationHelper.java:84)
	at org.testng.internal.Invoker.invokeConfigurationMethod(Invoker.java:564)
	at org.testng.internal.Invoker.invokeConfigurations(Invoker.java:213)
	at org.testng.internal.Invoker.invokeConfigurations(Invoker.java:138)
	at org.testng.TestRunner.beforeRun(TestRunner.java:641)
	at org.testng.TestRunner.run(TestRunner.java:609)
	at org.testng.SuiteRunner.runTest(SuiteRunner.java:334)
	at org.testng.SuiteRunner.runSequentially(SuiteRunner.java:329)
	at org.testng.SuiteRunner.privateRun(SuiteRunner.java:291)
	at org.testng.SuiteRunner.run(SuiteRunner.java:240)
	at org.testng.SuiteRunnerWorker.runSuite(SuiteRunnerWorker.java:52)
	at org.testng.SuiteRunnerWorker.run(SuiteRunnerWorker.java:86)
	at org.testng.TestNG.runSuitesSequentially(TestNG.java:1224)
	at org.testng.TestNG.runSuitesLocally(TestNG.java:1149)
	at org.testng.TestNG.run(TestNG.java:1057)
	at org.apache.maven.surefire.testng.TestNGExecutor.run(TestNGExecutor.java:293)
	at org.apache.maven.surefire.testng.TestNGXmlTestSuite.execute(TestNGXmlTestSuite.java:84)
	at org.apache.maven.surefire.testng.TestNGProvider.invoke(TestNGProvider.java:91)
	at org.apache.maven.surefire.booter.ForkedBooter.invokeProviderInSameClassLoader(ForkedBooter.java:200)
	at org.apache.maven.surefire.booter.ForkedBooter.runSuitesInProcess(ForkedBooter.java:153)
	at org.apache.maven.surefire.booter.ForkedBooter.main(ForkedBooter.java:103)
]]>
            </full-stacktrace>
          </exception> <!-- org.testng.SkipException -->
          <reporter-output>
          </reporter-output>
        </test-method> <!-- isSkipped -->
        <test-method status="SKIP" signature="VerifyPartnerSideEngagementDashboardPageLinks()[pri:0, instance:com.SL8Z.testcases.Partner.Verify_Partner_Side_Engagement_Dashboard_Page_Links@1ac9fff]" name="VerifyPartnerSideEngagementDashboardPageLinks" duration-ms="0" started-at="2014-05-15T16:02:21Z" finished-at="2014-05-15T16:02:21Z">
          <reporter-output>
          </reporter-output>
        </test-method> <!-- VerifyPartnerSideEngagementDashboardPageLinks -->
      </class> <!-- com.SL8Z.testcases.Partner.Verify_Partner_Side_Engagement_Dashboard_Page_Links -->
      <class name="com.SL8Z.testcases.Partner.Verify_Partner_Quick_Preview_Buttons">
        <test-method status="PASS" signature="initialize()[pri:0, instance:com.SL8Z.testcases.Partner.Verify_Partner_Quick_Preview_Buttons@46a171]" name="initialize" is-config="true" duration-ms="14148" started-at="2014-05-15T16:01:55Z" finished-at="2014-05-15T16:02:09Z">
          <reporter-output>
          </reporter-output>
        </test-method> <!-- initialize -->
        <test-method status="FAIL" signature="closeBrowser()[pri:0, instance:com.SL8Z.testcases.Partner.Verify_Partner_Quick_Preview_Buttons@46a171]" name="closeBrowser" is-config="true" duration-ms="0" started-at="2014-05-15T16:02:21Z" finished-at="2014-05-15T16:02:21Z">
          <exception class="org.openqa.selenium.remote.UnreachableBrowserException">
            <message>
              <![CDATA[Error communicating with the remote browser. It may have died.
Build info: version: '2.39.0', revision: '14fa800511cc5d66d426e08b0b2ab926c7ed7398', time: '2013-12-16 13:18:38'
System info: host: 'i-PC', ip: '192.168.1.13', os.name: 'Windows 7', os.arch: 'x86', os.version: '6.1', java.version: '1.7.0_51'
Driver info: driver.version: EventFiringWebDriver]]>
            </message>
            <full-stacktrace>
              <![CDATA[org.openqa.selenium.remote.UnreachableBrowserException: Error communicating with the remote browser. It may have died.
Build info: version: '2.39.0', revision: '14fa800511cc5d66d426e08b0b2ab926c7ed7398', time: '2013-12-16 13:18:38'
System info: host: 'i-PC', ip: '192.168.1.13', os.name: 'Windows 7', os.arch: 'x86', os.version: '6.1', java.version: '1.7.0_51'
Driver info: driver.version: EventFiringWebDriver
	at org.openqa.selenium.remote.RemoteWebDriver.execute(RemoteWebDriver.java:548)
	at org.openqa.selenium.remote.RemoteWebDriver.execute(RemoteWebDriver.java:569)
	at org.openqa.selenium.remote.RemoteWebDriver.quit(RemoteWebDriver.java:423)
	at sun.reflect.NativeMethodAccessorImpl.invoke0(Native Method)
	at sun.reflect.NativeMethodAccessorImpl.invoke(NativeMethodAccessorImpl.java:57)
	at sun.reflect.DelegatingMethodAccessorImpl.invoke(DelegatingMethodAccessorImpl.java:43)
	at java.lang.reflect.Method.invoke(Method.java:606)
	at org.openqa.selenium.support.events.EventFiringWebDriver$2.invoke(EventFiringWebDriver.java:101)
	at com.sun.proxy.$Proxy10.quit(Unknown Source)
	at org.openqa.selenium.support.events.EventFiringWebDriver.quit(EventFiringWebDriver.java:198)
	at com.SL8Z.base.TestBase.closeBrowser(TestBase.java:128)
	at sun.reflect.NativeMethodAccessorImpl.invoke0(Native Method)
	at sun.reflect.NativeMethodAccessorImpl.invoke(NativeMethodAccessorImpl.java:57)
	at sun.reflect.DelegatingMethodAccessorImpl.invoke(DelegatingMethodAccessorImpl.java:43)
	at java.lang.reflect.Method.invoke(Method.java:606)
	at org.testng.internal.MethodInvocationHelper.invokeMethod(MethodInvocationHelper.java:84)
	at org.testng.internal.Invoker.invokeConfigurationMethod(Invoker.java:564)
	at org.testng.internal.Invoker.invokeConfigurations(Invoker.java:213)
	at org.testng.internal.Invoker.invokeConfigurations(Invoker.java:138)
	at org.testng.SuiteRunner.privateRun(SuiteRunner.java:308)
	at org.testng.SuiteRunner.run(SuiteRunner.java:240)
	at org.testng.SuiteRunnerWorker.runSuite(SuiteRunnerWorker.java:52)
	at org.testng.SuiteRunnerWorker.run(SuiteRunnerWorker.java:86)
	at org.testng.TestNG.runSuitesSequentially(TestNG.java:1224)
	at org.testng.TestNG.runSuitesLocally(TestNG.java:1149)
	at org.testng.TestNG.run(TestNG.java:1057)
	at org.apache.maven.surefire.testng.TestNGExecutor.run(TestNGExecutor.java:293)
	at org.apache.maven.surefire.testng.TestNGXmlTestSuite.execute(TestNGXmlTestSuite.java:84)
	at org.apache.maven.surefire.testng.TestNGProvider.invoke(TestNGProvider.java:91)
	at org.apache.maven.surefire.booter.ForkedBooter.invokeProviderInSameClassLoader(ForkedBooter.java:200)
	at org.apache.maven.surefire.booter.ForkedBooter.runSuitesInProcess(ForkedBooter.java:153)
	at org.apache.maven.surefire.booter.ForkedBooter.main(ForkedBooter.java:103)
Caused by: java.net.ConnectException: Connection refused: connect
	at java.net.DualStackPlainSocketImpl.waitForConnect(Native Method)
	at java.net.DualStackPlainSocketImpl.socketConnect(DualStackPlainSocketImpl.java:85)
	at java.net.AbstractPlainSocketImpl.doConnect(AbstractPlainSocketImpl.java:339)
	at java.net.AbstractPlainSocketImpl.connectToAddress(AbstractPlainSocketImpl.java:200)
	at java.net.AbstractPlainSocketImpl.connect(AbstractPlainSocketImpl.java:182)
	at java.net.PlainSocketImpl.connect(PlainSocketImpl.java:172)
	at java.net.SocksSocketImpl.connect(SocksSocketImpl.java:392)
	at java.net.Socket.connect(Socket.java:579)
	at org.apache.http.conn.scheme.PlainSocketFactory.connectSocket(PlainSocketFactory.java:117)
	at org.apache.http.impl.conn.DefaultClientConnectionOperator.openConnection(DefaultClientConnectionOperator.java:178)
	at org.apache.http.impl.conn.AbstractPoolEntry.open(AbstractPoolEntry.java:144)
	at org.apache.http.impl.conn.AbstractPooledConnAdapter.open(AbstractPooledConnAdapter.java:131)
	at org.apache.http.impl.client.DefaultRequestDirector.tryConnect(DefaultRequestDirector.java:610)
	at org.apache.http.impl.client.DefaultRequestDirector.execute(DefaultRequestDirector.java:445)
	at org.apache.http.impl.client.AbstractHttpClient.doExecute(AbstractHttpClient.java:863)
	at org.apache.http.impl.client.CloseableHttpClient.execute(CloseableHttpClient.java:72)
	at org.apache.http.impl.client.CloseableHttpClient.execute(CloseableHttpClient.java:57)
	at org.openqa.selenium.remote.HttpCommandExecutor.fallBackExecute(HttpCommandExecutor.java:319)
	at org.openqa.selenium.remote.HttpCommandExecutor.execute(HttpCommandExecutor.java:298)
	at org.openqa.selenium.firefox.internal.NewProfileExtensionConnection.execute(NewProfileExtensionConnection.java:165)
	at org.openqa.selenium.firefox.FirefoxDriver$LazyCommandExecutor.execute(FirefoxDriver.java:366)
	at org.openqa.selenium.remote.RemoteWebDriver.execute(RemoteWebDriver.java:527)
	... 31 more
]]>
            </full-stacktrace>
          </exception> <!-- org.openqa.selenium.remote.UnreachableBrowserException -->
          <reporter-output>
          </reporter-output>
        </test-method> <!-- closeBrowser -->
      </class> <!-- com.SL8Z.testcases.Partner.Verify_Partner_Quick_Preview_Buttons -->
    </test> <!-- Verify Partner Side Engagement Dashboard Page Links -->
  </suite> <!-- SL8Z Test Suite -->
</testng-results>
